<?xml version="1.0" encoding="UTF-8"?>
<!-- Generated by org.testng.reporters.JUnitXMLReporter -->
<testsuite ignored="6" hostname="AlthafShaik" failures="0" tests="4" name="Test" time="99.397" errors="0" timestamp="2024-07-15T11:05:28 IST">
  <testcase classname="Testscript.VerifyLoginpage" name="Navigateurl" time="9.152"/>
  <testcase classname="Testscript.VerifyNewAccount" name="VerifyNewAccount" time="17.842"/>
  <testcase classname="Testscript.VerifyNewcustomer" name="VerifyNewcustomer" time="36.891"/>
  <testcase classname="Testscript.VerifyDeposite" name="VerifyDeposite" time="24.615"/>
  <testcase classname="Com.Bank.Configuration.ConfigurationBrowser" name="@AfterSuite close_suite" time="0.0">
    <ignored/>
  </testcase> <!-- @AfterSuite close_suite -->
  <testcase classname="Com.Bank.Configuration.ConfigurationBrowser" name="@AfterSuite close_suite" time="0.0">
    <ignored/>
  </testcase> <!-- @AfterSuite close_suite -->
  <testcase classname="Com.Bank.Configuration.ConfigurationBrowser" name="@BeforeSuite Reoprts" time="0.0">
    <ignored/>
  </testcase> <!-- @BeforeSuite Reoprts -->
  <testcase classname="Com.Bank.Configuration.ConfigurationBrowser" name="@BeforeSuite Reoprts" time="0.0">
    <ignored/>
  </testcase> <!-- @BeforeSuite Reoprts -->
  <testcase classname="Com.Bank.Configuration.ConfigurationBrowser" name="@BeforeSuite Reoprts" time="0.0">
    <ignored/>
  </testcase> <!-- @BeforeSuite Reoprts -->
  <testcase classname="Com.Bank.Configuration.ConfigurationBrowser" name="@AfterSuite close_suite" time="0.0">
    <ignored/>
  </testcase> <!-- @AfterSuite close_suite -->
</testsuite> <!-- Test -->
